# JRE version: Java(TM) SE Runtime Environment (10.0.2+13) (build 10.0.2+13)
# Java VM: Java HotSpot(TM) 64-Bit Server VM (10.0.2+13, mixed mode, tiered, compressed oops, g1 gc, windows-amd64)
Heap:
 garbage-first heap   total 1019904K, used 296742K [0x00000000c1c00000, 0x0000000100000000)
  region size 1024K, 1 young (1024K), 1 survivors (1024K)
 Metaspace       used 4535K, capacity 4630K, committed 4864K, reserved 1056768K
  class space    used 413K, capacity 441K, committed 512K, reserved 1048576K
GC Heap History (10 events):
Event: 0.905 GC heap before
{Heap before GC invocations=4 (full 0):
 garbage-first heap   total 103424K, used 58147K [0x00000000c1c00000, 0x0000000100000000)
  region size 1024K, 1 young (1024K), 1 survivors (1024K)
 Metaspace       used 4535K, capacity 4630K, committed 4864K, reserved 1056768K
  class space    used 413K, capacity 441K, committed 512K, reserved 1048576K
}
Event: 0.907 GC heap after
{Heap after GC invocations=5 (full 0):
 garbage-first heap   total 103424K, used 38668K [0x00000000c1c00000, 0x0000000100000000)
  region size 1024K, 1 young (1024K), 1 survivors (1024K)
 Metaspace       used 4535K, capacity 4630K, committed 4864K, reserved 1056768K
  class space    used 413K, capacity 441K, committed 512K, reserved 1048576K
}
Event: 1.585 GC heap before
{Heap before GC invocations=6 (full 0):
 garbage-first heap   total 178176K, used 113420K [0x00000000c1c00000, 0x0000000100000000)
  region size 1024K, 1 young (1024K), 1 survivors (1024K)
 Metaspace       used 4535K, capacity 4630K, committed 4864K, reserved 1056768K
  class space    used 413K, capacity 441K, committed 512K, reserved 1048576K
}
Event: 1.587 GC heap after
{Heap after GC invocations=7 (full 0):
 garbage-first heap   total 178176K, used 75540K [0x00000000c1c00000, 0x0000000100000000)
  region size 1024K, 1 young (1024K), 1 survivors (1024K)
 Metaspace       used 4535K, capacity 4630K, committed 4864K, reserved 1056768K
  class space    used 413K, capacity 441K, committed 512K, reserved 1048576K
}
Event: 3.022 GC heap before
{Heap before GC invocations=8 (full 0):
 garbage-first heap   total 326656K, used 224020K [0x00000000c1c00000, 0x0000000100000000)
  region size 1024K, 1 young (1024K), 1 survivors (1024K)
 Metaspace       used 4535K, capacity 4630K, committed 4864K, reserved 1056768K
  class space    used 413K, capacity 441K, committed 512K, reserved 1048576K
}
Event: 3.024 GC heap after
{Heap after GC invocations=9 (full 0):
 garbage-first heap   total 326656K, used 149317K [0x00000000c1c00000, 0x0000000100000000)
  region size 1024K, 1 young (1024K), 1 survivors (1024K)
 Metaspace       used 4535K, capacity 4630K, committed 4864K, reserved 1056768K
  class space    used 413K, capacity 441K, committed 512K, reserved 1048576K
}
Event: 5.958 GC heap before
{Heap before GC invocations=10 (full 0):
 garbage-first heap   total 622592K, used 445253K [0x00000000c1c00000, 0x0000000100000000)
  region size 1024K, 1 young (1024K), 1 survivors (1024K)
 Metaspace       used 4535K, capacity 4630K, committed 4864K, reserved 1056768K
  class space    used 413K, capacity 441K, committed 512K, reserved 1048576K
}
Event: 5.961 GC heap after
{Heap after GC invocations=11 (full 0):
 garbage-first heap   total 622592K, used 296761K [0x00000000c1c00000, 0x0000000100000000)
  region size 1024K, 1 young (1024K), 1 survivors (1024K)
 Metaspace       used 4535K, capacity 4630K, committed 4864K, reserved 1056768K
  class space    used 413K, capacity 441K, committed 512K, reserved 1048576K
}
Event: 5.962 GC heap before
{Heap before GC invocations=11 (full 0):
 garbage-first heap   total 622592K, used 296761K [0x00000000c1c00000, 0x0000000100000000)
  region size 1024K, 1 young (1024K), 1 survivors (1024K)
 Metaspace       used 4535K, capacity 4630K, committed 4864K, reserved 1056768K
  class space    used 413K, capacity 441K, committed 512K, reserved 1048576K
}
Event: 5.963 GC heap after
{Heap after GC invocations=12 (full 0):
 garbage-first heap   total 622592K, used 296742K [0x00000000c1c00000, 0x0000000100000000)
  region size 1024K, 1 young (1024K), 1 survivors (1024K)
 Metaspace       used 4535K, capacity 4630K, committed 4864K, reserved 1056768K
  class space    used 413K, capacity 441K, committed 512K, reserved 1048576K
}

